<?xml version="1.0" encoding="UTF-8"?>
<!-- Generated by org.testng.reporters.JUnitReportReporter -->
<testsuite skipped="0" hostname="renu-PC" name="com.FreeCrm.qa.TestCases.HomePageTest" tests="1" failures="0" timestamp="07 Apr 2019 02:18:20 GMT" time="15.814" errors="0">
  <testcase name="homepagetitletest" time="15.814" classname="com.FreeCrm.qa.TestCases.HomePageTest"/>
</testsuite> <!-- com.FreeCrm.qa.TestCases.HomePageTest -->
