<?xml version="1.0" encoding="UTF-8"?>
<!-- Generated by org.testng.reporters.JUnitReportReporter -->
<testsuite skipped="0" hostname="renu-PC" name="com.FreeCrm.qa.TestCases.ContactPageTest" tests="1" failures="0" timestamp="07 Apr 2019 02:18:20 GMT" time="26.288" errors="0">
  <testcase name="VerifyContactpagelabel" time="26.288" classname="com.FreeCrm.qa.TestCases.ContactPageTest"/>
</testsuite> <!-- com.FreeCrm.qa.TestCases.ContactPageTest -->
